-------------------------------------------------------------
-------------------------------------------------------------
CPU type:	Intel Atom 45nm processor 
CPU clock:	1.66 GHz 
-------------------------------------------------------------
./picture_animate.sh
+---------------------------+------------+
|           Event           |   core 0   |
+---------------------------+------------+
| L2_LINES_IN_THIS_CORE_ALL | 2.0111e+07 |
+---------------------------+------------+
-------------------------------------------------------------
-------------------------------------------------------------
CPU type:	Intel Atom 45nm processor 
CPU clock:	1.66 GHz 
-------------------------------------------------------------
./picture_animate.sh
+---------------------------+-------------+
|           Event           |   core 0    |
+---------------------------+-------------+
| L2_LINES_IN_THIS_CORE_ALL | 2.07815e+07 |
+---------------------------+-------------+
-------------------------------------------------------------
-------------------------------------------------------------
CPU type:	Intel Atom 45nm processor 
CPU clock:	1.66 GHz 
-------------------------------------------------------------
./picture_animate.sh
+---------------------------+-------------+
|           Event           |   core 0    |
+---------------------------+-------------+
| L2_LINES_IN_THIS_CORE_ALL | 2.27734e+07 |
+---------------------------+-------------+
