thread affinity of async thread 1 
-------------------------------------------------------------
-------------------------------------------------------------
CPU type:	Intel Atom 45nm processor 
CPU clock:	1.66 GHz 
-------------------------------------------------------------
/home/sudarsun/apps/x264/x264 --output /dev/null --fps 100 --input-res 1080x1080 /home/sudarsun/apps/x264/18MB.mp4
+---------------------------+-------------+
|           Event           |   core 1    |
+---------------------------+-------------+
| L2_LINES_IN_THIS_CORE_ALL | 3.62207e+07 |
+---------------------------+-------------+
thread affinity of async thread 1 
-------------------------------------------------------------
-------------------------------------------------------------
CPU type:	Intel Atom 45nm processor 
CPU clock:	1.66 GHz 
-------------------------------------------------------------
/home/sudarsun/apps/x264/x264 --output /dev/null --fps 100 --input-res 1080x1080 /home/sudarsun/apps/x264/18MB.mp4
+---------------------------+-------------+
|           Event           |   core 1    |
+---------------------------+-------------+
| L2_LINES_IN_THIS_CORE_ALL | 3.01142e+07 |
+---------------------------+-------------+
thread affinity of async thread 1 
-------------------------------------------------------------
-------------------------------------------------------------
CPU type:	Intel Atom 45nm processor 
CPU clock:	1.66 GHz 
-------------------------------------------------------------
/home/sudarsun/apps/x264/x264 --output /dev/null --fps 100 --input-res 1080x1080 /home/sudarsun/apps/x264/18MB.mp4
+---------------------------+-------------+
|           Event           |   core 1    |
+---------------------------+-------------+
| L2_LINES_IN_THIS_CORE_ALL | 3.27909e+07 |
+---------------------------+-------------+
thread affinity of async thread 1 
-------------------------------------------------------------
-------------------------------------------------------------
CPU type:	Intel Atom 45nm processor 
CPU clock:	1.66 GHz 
-------------------------------------------------------------
/home/sudarsun/apps/x264/x264 --output /dev/null --fps 100 --input-res 1080x1080 /home/sudarsun/apps/x264/18MB.mp4
+---------------------------+-------------+
|           Event           |   core 1    |
+---------------------------+-------------+
| L2_LINES_IN_THIS_CORE_ALL | 3.46612e+07 |
+---------------------------+-------------+
thread affinity of async thread 1 
-------------------------------------------------------------
-------------------------------------------------------------
CPU type:	Intel Atom 45nm processor 
CPU clock:	1.66 GHz 
-------------------------------------------------------------
/home/sudarsun/apps/x264/x264 --output /dev/null --fps 100 --input-res 1080x1080 /home/sudarsun/apps/x264/18MB.mp4
+---------------------------+-------------+
|           Event           |   core 1    |
+---------------------------+-------------+
| L2_LINES_IN_THIS_CORE_ALL | 3.34433e+07 |
+---------------------------+-------------+
thread affinity of async thread 1 
-------------------------------------------------------------
-------------------------------------------------------------
CPU type:	Intel Atom 45nm processor 
CPU clock:	1.66 GHz 
-------------------------------------------------------------
/home/sudarsun/apps/x264/x264 --output /dev/null --fps 100 --input-res 1080x1080 /home/sudarsun/apps/x264/18MB.mp4
+---------------------------+-------------+
|           Event           |   core 1    |
+---------------------------+-------------+
| L2_LINES_IN_THIS_CORE_ALL | 3.09505e+07 |
+---------------------------+-------------+
thread affinity of async thread 1 
-------------------------------------------------------------
-------------------------------------------------------------
CPU type:	Intel Atom 45nm processor 
CPU clock:	1.66 GHz 
-------------------------------------------------------------
/home/sudarsun/apps/x264/x264 --output /dev/null --fps 100 --input-res 1080x1080 /home/sudarsun/apps/x264/18MB.mp4
+---------------------------+------------+
|           Event           |   core 1   |
+---------------------------+------------+
| L2_LINES_IN_THIS_CORE_ALL | 3.3996e+07 |
+---------------------------+------------+
thread affinity of async thread 1 
-------------------------------------------------------------
-------------------------------------------------------------
CPU type:	Intel Atom 45nm processor 
CPU clock:	1.66 GHz 
-------------------------------------------------------------
/home/sudarsun/apps/x264/x264 --output /dev/null --fps 100 --input-res 1080x1080 /home/sudarsun/apps/x264/18MB.mp4
+---------------------------+-------------+
|           Event           |   core 1    |
+---------------------------+-------------+
| L2_LINES_IN_THIS_CORE_ALL | 3.46356e+07 |
+---------------------------+-------------+
thread affinity of async thread 1 
-------------------------------------------------------------
-------------------------------------------------------------
CPU type:	Intel Atom 45nm processor 
CPU clock:	1.66 GHz 
-------------------------------------------------------------
/home/sudarsun/apps/x264/x264 --output /dev/null --fps 100 --input-res 1080x1080 /home/sudarsun/apps/x264/18MB.mp4
+---------------------------+-------------+
|           Event           |   core 1    |
+---------------------------+-------------+
| L2_LINES_IN_THIS_CORE_ALL | 3.12977e+07 |
+---------------------------+-------------+
thread affinity of async thread 1 
-------------------------------------------------------------
-------------------------------------------------------------
CPU type:	Intel Atom 45nm processor 
CPU clock:	1.66 GHz 
-------------------------------------------------------------
/home/sudarsun/apps/x264/x264 --output /dev/null --fps 100 --input-res 1080x1080 /home/sudarsun/apps/x264/18MB.mp4
+---------------------------+-------------+
|           Event           |   core 1    |
+---------------------------+-------------+
| L2_LINES_IN_THIS_CORE_ALL | 3.62901e+07 |
+---------------------------+-------------+
thread affinity of async thread 1 
-------------------------------------------------------------
-------------------------------------------------------------
CPU type:	Intel Atom 45nm processor 
CPU clock:	1.66 GHz 
-------------------------------------------------------------
/home/sudarsun/apps/x264/x264 --output /dev/null --fps 100 --input-res 1080x1080 /home/sudarsun/apps/x264/18MB.mp4
+---------------------------+-------------+
|           Event           |   core 1    |
+---------------------------+-------------+
| L2_LINES_IN_THIS_CORE_ALL | 4.19714e+07 |
+---------------------------+-------------+
thread affinity of async thread 1 
-------------------------------------------------------------
-------------------------------------------------------------
CPU type:	Intel Atom 45nm processor 
CPU clock:	1.66 GHz 
-------------------------------------------------------------
/home/sudarsun/apps/x264/x264 --output /dev/null --fps 100 --input-res 1080x1080 /home/sudarsun/apps/x264/18MB.mp4
+---------------------------+-------------+
|           Event           |   core 1    |
+---------------------------+-------------+
| L2_LINES_IN_THIS_CORE_ALL | 3.35945e+07 |
+---------------------------+-------------+
