thread affinity of async thread 1 
-------------------------------------------------------------
-------------------------------------------------------------
CPU type:	Intel Atom 45nm processor 
CPU clock:	1.66 GHz 
-------------------------------------------------------------
/home/sudarsun/apps/x264/x264 --output /dev/null --fps 100 --input-res 1080x1080 /home/sudarsun/apps/x264/18MB.mp4
+---------------------------+-------------+
|           Event           |   core 1    |
+---------------------------+-------------+
| L2_LINES_IN_THIS_CORE_ALL | 3.53341e+07 |
+---------------------------+-------------+
thread affinity of async thread 1 
-------------------------------------------------------------
-------------------------------------------------------------
CPU type:	Intel Atom 45nm processor 
CPU clock:	1.66 GHz 
-------------------------------------------------------------
/home/sudarsun/apps/x264/x264 --output /dev/null --fps 100 --input-res 1080x1080 /home/sudarsun/apps/x264/18MB.mp4
+---------------------------+------------+
|           Event           |   core 1   |
+---------------------------+------------+
| L2_LINES_IN_THIS_CORE_ALL | 3.6379e+07 |
+---------------------------+------------+
thread affinity of async thread 1 
-------------------------------------------------------------
-------------------------------------------------------------
CPU type:	Intel Atom 45nm processor 
CPU clock:	1.66 GHz 
-------------------------------------------------------------
/home/sudarsun/apps/x264/x264 --output /dev/null --fps 100 --input-res 1080x1080 /home/sudarsun/apps/x264/18MB.mp4
+---------------------------+-------------+
|           Event           |   core 1    |
+---------------------------+-------------+
| L2_LINES_IN_THIS_CORE_ALL | 3.12241e+07 |
+---------------------------+-------------+
thread affinity of async thread 1 
-------------------------------------------------------------
-------------------------------------------------------------
CPU type:	Intel Atom 45nm processor 
CPU clock:	1.66 GHz 
-------------------------------------------------------------
/home/sudarsun/apps/x264/x264 --output /dev/null --fps 100 --input-res 1080x1080 /home/sudarsun/apps/x264/18MB.mp4
+---------------------------+------------+
|           Event           |   core 1   |
+---------------------------+------------+
| L2_LINES_IN_THIS_CORE_ALL | 3.0701e+07 |
+---------------------------+------------+
thread affinity of async thread 1 
-------------------------------------------------------------
-------------------------------------------------------------
CPU type:	Intel Atom 45nm processor 
CPU clock:	1.66 GHz 
-------------------------------------------------------------
/home/sudarsun/apps/x264/x264 --output /dev/null --fps 100 --input-res 1080x1080 /home/sudarsun/apps/x264/18MB.mp4
+---------------------------+-------------+
|           Event           |   core 1    |
+---------------------------+-------------+
| L2_LINES_IN_THIS_CORE_ALL | 3.89334e+07 |
+---------------------------+-------------+
thread affinity of async thread 1 
-------------------------------------------------------------
-------------------------------------------------------------
CPU type:	Intel Atom 45nm processor 
CPU clock:	1.66 GHz 
-------------------------------------------------------------
/home/sudarsun/apps/x264/x264 --output /dev/null --fps 100 --input-res 1080x1080 /home/sudarsun/apps/x264/18MB.mp4
+---------------------------+-------------+
|           Event           |   core 1    |
+---------------------------+-------------+
| L2_LINES_IN_THIS_CORE_ALL | 3.82368e+07 |
+---------------------------+-------------+
